0 info it worked if it ends with ok
1 verbose cli [ '/usr/local/bin/node', '/usr/local/bin/npm', 'run', 'dev' ]
2 info using npm@1.4.28
3 info using node@v0.10.32
4 verbose run-script [ 'predev', 'dev', 'postdev' ]
5 info predev pong@1.0.0
6 info dev pong@1.0.0
7 verbose unsafe-perm in lifecycle true
8 info pong@1.0.0 Failed to exec dev script
9 error pong@1.0.0 dev: `webpack-dev-server --devtool eval --progress --colors --content-base build`
9 error Exit status 8
10 error Failed at the pong@1.0.0 dev script.
10 error This is most likely a problem with the pong package,
10 error not with npm itself.
10 error Tell the author that this fails on your system:
10 error     webpack-dev-server --devtool eval --progress --colors --content-base build
10 error You can get their info via:
10 error     npm owner ls pong
10 error There is likely additional logging output above.
11 error System Darwin 14.1.0
12 error command "/usr/local/bin/node" "/usr/local/bin/npm" "run" "dev"
13 error cwd /Users/isaachess/Documents/programming/pong
14 error node -v v0.10.32
15 error npm -v 1.4.28
16 error code ELIFECYCLE
17 verbose exit [ 1, true ]
